<?xml version="1.0" encoding="UTF-8"?>
<!-- Generated by org.testng.reporters.JUnitXMLReporter -->
<testsuite hostname="DESKTOP-HDORF07" ignored="0" name="Command line test" tests="3" failures="1" timestamp="23 Aug 2019 12:21:11 GMT" time="0.068" errors="0">
  <testcase name="createUserTest" time="0.017" classname="com.actitime.sampletest.SampleTest"/>
  <testcase name="deleteUserTest" time="0.001" classname="com.actitime.sampletest.SampleTest">
    <failure type="java.lang.Error" message="Unresolved compilation problems: 
	FirefoxDriver cannot be resolved to a type
	FirefoxDriver cannot be resolved to a type
">
      <![CDATA[java.lang.Error: Unresolved compilation problems: 
	FirefoxDriver cannot be resolved to a type
	FirefoxDriver cannot be resolved to a type

	at com.actitime.sampletest.SampleTest.deleteUserTest(SampleTest.java:22)
... Removed 34 stack frames]]>
    </failure>
  </testcase> <!-- deleteUserTest -->
  <testcase name="modifyUserTest" time="0.001" classname="com.actitime.sampletest.SampleTest"/>
</testsuite> <!-- Command line test -->
